2019-01-28 18:47:12 INFO  Hooks:25 - ***********************************************************************************************************
2019-01-28 18:47:12 INFO  Hooks:34 -  Launch Browser: "chrome" on Environment:crossbrowser
2019-01-28 18:47:21 ERROR Hooks:40 - initConfig Error
java.lang.NullPointerException
	at com.bec.reporting.utils.Reporter.assignAuthor(Reporter.java:148)
	at com.bec.reporting.steps.Hooks.openBrowser(Hooks.java:38)
	at sun.reflect.NativeMethodAccessorImpl.invoke0(Native Method)
	at sun.reflect.NativeMethodAccessorImpl.invoke(NativeMethodAccessorImpl.java:62)
	at sun.reflect.DelegatingMethodAccessorImpl.invoke(DelegatingMethodAccessorImpl.java:43)
	at java.lang.reflect.Method.invoke(Method.java:498)
	at cucumber.runtime.Utils$1.call(Utils.java:40)
	at cucumber.runtime.Timeout.timeout(Timeout.java:16)
	at cucumber.runtime.Utils.invoke(Utils.java:34)
	at cucumber.runtime.java.JavaHookDefinition.execute(JavaHookDefinition.java:60)
	at cucumber.runtime.Runtime.runHookIfTagsMatch(Runtime.java:224)
	at cucumber.runtime.Runtime.runHooks(Runtime.java:212)
	at cucumber.runtime.Runtime.runBeforeHooks(Runtime.java:202)
	at cucumber.runtime.model.CucumberScenario.run(CucumberScenario.java:40)
	at cucumber.runtime.junit.ExecutionUnitRunner.run(ExecutionUnitRunner.java:102)
	at org.junit.runners.Suite.runChild(Suite.java:128)
	at org.junit.runners.Suite.runChild(Suite.java:27)
	at org.junit.runners.ParentRunner$3.run(ParentRunner.java:290)
	at org.junit.runners.ParentRunner$1.schedule(ParentRunner.java:71)
	at org.junit.runners.ParentRunner.runChildren(ParentRunner.java:288)
	at org.junit.runners.ParentRunner.access$000(ParentRunner.java:58)
	at org.junit.runners.ParentRunner$2.evaluate(ParentRunner.java:268)
	at org.junit.runners.ParentRunner.run(ParentRunner.java:363)
	at cucumber.runtime.junit.ExamplesRunner.run(ExamplesRunner.java:59)
	at org.junit.runners.Suite.runChild(Suite.java:128)
	at org.junit.runners.Suite.runChild(Suite.java:27)
	at org.junit.runners.ParentRunner$3.run(ParentRunner.java:290)
	at org.junit.runners.ParentRunner$1.schedule(ParentRunner.java:71)
	at org.junit.runners.ParentRunner.runChildren(ParentRunner.java:288)
	at org.junit.runners.ParentRunner.access$000(ParentRunner.java:58)
	at org.junit.runners.ParentRunner$2.evaluate(ParentRunner.java:268)
	at org.junit.runners.ParentRunner.run(ParentRunner.java:363)
	at cucumber.runtime.junit.ScenarioOutlineRunner.run(ScenarioOutlineRunner.java:53)
	at cucumber.runtime.junit.FeatureRunner.runChild(FeatureRunner.java:63)
	at cucumber.runtime.junit.FeatureRunner.runChild(FeatureRunner.java:18)
	at org.junit.runners.ParentRunner$3.run(ParentRunner.java:290)
	at org.junit.runners.ParentRunner$1.schedule(ParentRunner.java:71)
	at org.junit.runners.ParentRunner.runChildren(ParentRunner.java:288)
	at org.junit.runners.ParentRunner.access$000(ParentRunner.java:58)
	at org.junit.runners.ParentRunner$2.evaluate(ParentRunner.java:268)
	at org.junit.runners.ParentRunner.run(ParentRunner.java:363)
	at cucumber.runtime.junit.FeatureRunner.run(FeatureRunner.java:70)
	at cucumber.api.junit.Cucumber.runChild(Cucumber.java:95)
	at cucumber.api.junit.Cucumber.runChild(Cucumber.java:38)
	at org.junit.runners.ParentRunner$3.run(ParentRunner.java:290)
	at org.junit.runners.ParentRunner$1.schedule(ParentRunner.java:71)
	at org.junit.runners.ParentRunner.runChildren(ParentRunner.java:288)
	at org.junit.runners.ParentRunner.access$000(ParentRunner.java:58)
	at org.junit.runners.ParentRunner$2.evaluate(ParentRunner.java:268)
	at org.junit.runners.ParentRunner.run(ParentRunner.java:363)
	at cucumber.api.junit.Cucumber.run(Cucumber.java:100)
	at org.apache.maven.surefire.junit4.JUnit4Provider.execute(JUnit4Provider.java:367)
	at org.apache.maven.surefire.junit4.JUnit4Provider.executeWithRerun(JUnit4Provider.java:274)
	at org.apache.maven.surefire.junit4.JUnit4Provider.executeTestSet(JUnit4Provider.java:238)
	at org.apache.maven.surefire.junit4.JUnit4Provider.invoke(JUnit4Provider.java:161)
	at org.apache.maven.surefire.booter.ForkedBooter.invokeProviderInSameClassLoader(ForkedBooter.java:290)
	at org.apache.maven.surefire.booter.ForkedBooter.runSuitesInProcess(ForkedBooter.java:242)
	at org.apache.maven.surefire.booter.ForkedBooter.main(ForkedBooter.java:121)
2019-01-28 18:47:21 INFO  FlyInMenuBehaviourSteps:31 - User is on sso portal's home page
2019-01-28 18:47:28 INFO  FlyInMenuBehaviourSteps:44 - executing Scenario 1
2019-01-28 18:47:47 INFO  Hooks:25 - ***********************************************************************************************************
2019-01-28 18:47:47 INFO  Hooks:34 -  Launch Browser: "chrome" on Environment:crossbrowser
2019-01-28 18:47:47 ERROR Hooks:40 - initConfig Error
java.lang.NullPointerException
	at com.bec.reporting.utils.Reporter.assignAuthor(Reporter.java:148)
	at com.bec.reporting.steps.Hooks.openBrowser(Hooks.java:38)
	at sun.reflect.NativeMethodAccessorImpl.invoke0(Native Method)
	at sun.reflect.NativeMethodAccessorImpl.invoke(NativeMethodAccessorImpl.java:62)
	at sun.reflect.DelegatingMethodAccessorImpl.invoke(DelegatingMethodAccessorImpl.java:43)
	at java.lang.reflect.Method.invoke(Method.java:498)
	at cucumber.runtime.Utils$1.call(Utils.java:40)
	at cucumber.runtime.Timeout.timeout(Timeout.java:16)
	at cucumber.runtime.Utils.invoke(Utils.java:34)
	at cucumber.runtime.java.JavaHookDefinition.execute(JavaHookDefinition.java:60)
	at cucumber.runtime.Runtime.runHookIfTagsMatch(Runtime.java:224)
	at cucumber.runtime.Runtime.runHooks(Runtime.java:212)
	at cucumber.runtime.Runtime.runBeforeHooks(Runtime.java:202)
	at cucumber.runtime.model.CucumberScenario.run(CucumberScenario.java:40)
	at cucumber.runtime.junit.ExecutionUnitRunner.run(ExecutionUnitRunner.java:102)
	at org.junit.runners.Suite.runChild(Suite.java:128)
	at org.junit.runners.Suite.runChild(Suite.java:27)
	at org.junit.runners.ParentRunner$3.run(ParentRunner.java:290)
	at org.junit.runners.ParentRunner$1.schedule(ParentRunner.java:71)
	at org.junit.runners.ParentRunner.runChildren(ParentRunner.java:288)
	at org.junit.runners.ParentRunner.access$000(ParentRunner.java:58)
	at org.junit.runners.ParentRunner$2.evaluate(ParentRunner.java:268)
	at org.junit.runners.ParentRunner.run(ParentRunner.java:363)
	at cucumber.runtime.junit.ExamplesRunner.run(ExamplesRunner.java:59)
	at org.junit.runners.Suite.runChild(Suite.java:128)
	at org.junit.runners.Suite.runChild(Suite.java:27)
	at org.junit.runners.ParentRunner$3.run(ParentRunner.java:290)
	at org.junit.runners.ParentRunner$1.schedule(ParentRunner.java:71)
	at org.junit.runners.ParentRunner.runChildren(ParentRunner.java:288)
	at org.junit.runners.ParentRunner.access$000(ParentRunner.java:58)
	at org.junit.runners.ParentRunner$2.evaluate(ParentRunner.java:268)
	at org.junit.runners.ParentRunner.run(ParentRunner.java:363)
	at cucumber.runtime.junit.ScenarioOutlineRunner.run(ScenarioOutlineRunner.java:53)
	at cucumber.runtime.junit.FeatureRunner.runChild(FeatureRunner.java:63)
	at cucumber.runtime.junit.FeatureRunner.runChild(FeatureRunner.java:18)
	at org.junit.runners.ParentRunner$3.run(ParentRunner.java:290)
	at org.junit.runners.ParentRunner$1.schedule(ParentRunner.java:71)
	at org.junit.runners.ParentRunner.runChildren(ParentRunner.java:288)
	at org.junit.runners.ParentRunner.access$000(ParentRunner.java:58)
	at org.junit.runners.ParentRunner$2.evaluate(ParentRunner.java:268)
	at org.junit.runners.ParentRunner.run(ParentRunner.java:363)
	at cucumber.runtime.junit.FeatureRunner.run(FeatureRunner.java:70)
	at cucumber.api.junit.Cucumber.runChild(Cucumber.java:95)
	at cucumber.api.junit.Cucumber.runChild(Cucumber.java:38)
	at org.junit.runners.ParentRunner$3.run(ParentRunner.java:290)
	at org.junit.runners.ParentRunner$1.schedule(ParentRunner.java:71)
	at org.junit.runners.ParentRunner.runChildren(ParentRunner.java:288)
	at org.junit.runners.ParentRunner.access$000(ParentRunner.java:58)
	at org.junit.runners.ParentRunner$2.evaluate(ParentRunner.java:268)
	at org.junit.runners.ParentRunner.run(ParentRunner.java:363)
	at cucumber.api.junit.Cucumber.run(Cucumber.java:100)
	at org.apache.maven.surefire.junit4.JUnit4Provider.execute(JUnit4Provider.java:367)
	at org.apache.maven.surefire.junit4.JUnit4Provider.executeWithRerun(JUnit4Provider.java:274)
	at org.apache.maven.surefire.junit4.JUnit4Provider.executeTestSet(JUnit4Provider.java:238)
	at org.apache.maven.surefire.junit4.JUnit4Provider.invoke(JUnit4Provider.java:161)
	at org.apache.maven.surefire.booter.ForkedBooter.invokeProviderInSameClassLoader(ForkedBooter.java:290)
	at org.apache.maven.surefire.booter.ForkedBooter.runSuitesInProcess(ForkedBooter.java:242)
	at org.apache.maven.surefire.booter.ForkedBooter.main(ForkedBooter.java:121)
2019-01-28 18:47:47 INFO  FlyInMenuBehaviourSteps:31 - User is on sso portal's home page
2019-01-28 18:47:51 INFO  FlyInMenuBehaviourSteps:44 - executing Scenario 1
2019-01-28 18:48:05 ERROR UtilityMethods:36 - no such element: Unable to locate element: {"method":"xpath","selector":"//i[contains(text(),'chevron_right')]/ancestor::span[@class='float-right']"}
  (Session info: chrome=65.0.3325.146)
  (Driver info: chromedriver=2.36.540470 (e522d04694c7ebea4ba8821272dbef4f9b818c91),platform=Windows NT 10.0.14393 x86_64) (WARNING: The server did not provide any stacktrace information)
Command duration or timeout: 2.03 seconds
For documentation on this error, please visit: http://seleniumhq.org/exceptions/no_such_element.html
Build info: version: '3.4.0', revision: 'unknown', time: 'unknown'
System info: host: 'PC', ip: '10.191.63.86', os.name: 'Windows 10', os.arch: 'x86', os.version: '10.0', java.version: '1.8.0_111'
Driver info: org.openqa.selenium.chrome.ChromeDriver
Capabilities [{applicationCacheEnabled=false, rotatable=false, mobileEmulationEnabled=false, networkConnectionEnabled=false, chrome={chromedriverVersion=2.36.540470 (e522d04694c7ebea4ba8821272dbef4f9b818c91), userDataDir=C:\Users\you\AppData\Local\Temp\scoped_dir1016_6762}, takesHeapSnapshot=true, pageLoadStrategy=normal, databaseEnabled=false, handlesAlerts=true, hasTouchScreen=false, version=65.0.3325.146, platform=XP, browserConnectionEnabled=false, nativeEvents=true, acceptSslCerts=false, acceptInsecureCerts=false, locationContextEnabled=true, webStorageEnabled=true, browserName=chrome, takesScreenshot=true, javascriptEnabled=true, cssSelectorsEnabled=true, setWindowRect=true, unexpectedAlertBehaviour=}]
Session ID: 7c7c929591d0b458a5d61d93eebf1cf7
*** Element info: {Using=xpath, value=//i[contains(text(),'chevron_right')]/ancestor::span[@class='float-right']}
Command duration or timeout: 3.99 seconds
2019-01-28 18:48:09 INFO  Hooks:25 - ***********************************************************************************************************
2019-01-28 18:48:09 INFO  Hooks:34 -  Launch Browser: "chrome" on Environment:crossbrowser
2019-01-28 18:48:09 ERROR Hooks:40 - initConfig Error
java.lang.NullPointerException
	at com.bec.reporting.utils.Reporter.assignAuthor(Reporter.java:148)
	at com.bec.reporting.steps.Hooks.openBrowser(Hooks.java:38)
	at sun.reflect.NativeMethodAccessorImpl.invoke0(Native Method)
	at sun.reflect.NativeMethodAccessorImpl.invoke(NativeMethodAccessorImpl.java:62)
	at sun.reflect.DelegatingMethodAccessorImpl.invoke(DelegatingMethodAccessorImpl.java:43)
	at java.lang.reflect.Method.invoke(Method.java:498)
	at cucumber.runtime.Utils$1.call(Utils.java:40)
	at cucumber.runtime.Timeout.timeout(Timeout.java:16)
	at cucumber.runtime.Utils.invoke(Utils.java:34)
	at cucumber.runtime.java.JavaHookDefinition.execute(JavaHookDefinition.java:60)
	at cucumber.runtime.Runtime.runHookIfTagsMatch(Runtime.java:224)
	at cucumber.runtime.Runtime.runHooks(Runtime.java:212)
	at cucumber.runtime.Runtime.runBeforeHooks(Runtime.java:202)
	at cucumber.runtime.model.CucumberScenario.run(CucumberScenario.java:40)
	at cucumber.runtime.junit.ExecutionUnitRunner.run(ExecutionUnitRunner.java:102)
	at org.junit.runners.Suite.runChild(Suite.java:128)
	at org.junit.runners.Suite.runChild(Suite.java:27)
	at org.junit.runners.ParentRunner$3.run(ParentRunner.java:290)
	at org.junit.runners.ParentRunner$1.schedule(ParentRunner.java:71)
	at org.junit.runners.ParentRunner.runChildren(ParentRunner.java:288)
	at org.junit.runners.ParentRunner.access$000(ParentRunner.java:58)
	at org.junit.runners.ParentRunner$2.evaluate(ParentRunner.java:268)
	at org.junit.runners.ParentRunner.run(ParentRunner.java:363)
	at cucumber.runtime.junit.ExamplesRunner.run(ExamplesRunner.java:59)
	at org.junit.runners.Suite.runChild(Suite.java:128)
	at org.junit.runners.Suite.runChild(Suite.java:27)
	at org.junit.runners.ParentRunner$3.run(ParentRunner.java:290)
	at org.junit.runners.ParentRunner$1.schedule(ParentRunner.java:71)
	at org.junit.runners.ParentRunner.runChildren(ParentRunner.java:288)
	at org.junit.runners.ParentRunner.access$000(ParentRunner.java:58)
	at org.junit.runners.ParentRunner$2.evaluate(ParentRunner.java:268)
	at org.junit.runners.ParentRunner.run(ParentRunner.java:363)
	at cucumber.runtime.junit.ScenarioOutlineRunner.run(ScenarioOutlineRunner.java:53)
	at cucumber.runtime.junit.FeatureRunner.runChild(FeatureRunner.java:63)
	at cucumber.runtime.junit.FeatureRunner.runChild(FeatureRunner.java:18)
	at org.junit.runners.ParentRunner$3.run(ParentRunner.java:290)
	at org.junit.runners.ParentRunner$1.schedule(ParentRunner.java:71)
	at org.junit.runners.ParentRunner.runChildren(ParentRunner.java:288)
	at org.junit.runners.ParentRunner.access$000(ParentRunner.java:58)
	at org.junit.runners.ParentRunner$2.evaluate(ParentRunner.java:268)
	at org.junit.runners.ParentRunner.run(ParentRunner.java:363)
	at cucumber.runtime.junit.FeatureRunner.run(FeatureRunner.java:70)
	at cucumber.api.junit.Cucumber.runChild(Cucumber.java:95)
	at cucumber.api.junit.Cucumber.runChild(Cucumber.java:38)
	at org.junit.runners.ParentRunner$3.run(ParentRunner.java:290)
	at org.junit.runners.ParentRunner$1.schedule(ParentRunner.java:71)
	at org.junit.runners.ParentRunner.runChildren(ParentRunner.java:288)
	at org.junit.runners.ParentRunner.access$000(ParentRunner.java:58)
	at org.junit.runners.ParentRunner$2.evaluate(ParentRunner.java:268)
	at org.junit.runners.ParentRunner.run(ParentRunner.java:363)
	at cucumber.api.junit.Cucumber.run(Cucumber.java:100)
	at org.apache.maven.surefire.junit4.JUnit4Provider.execute(JUnit4Provider.java:367)
	at org.apache.maven.surefire.junit4.JUnit4Provider.executeWithRerun(JUnit4Provider.java:274)
	at org.apache.maven.surefire.junit4.JUnit4Provider.executeTestSet(JUnit4Provider.java:238)
	at org.apache.maven.surefire.junit4.JUnit4Provider.invoke(JUnit4Provider.java:161)
	at org.apache.maven.surefire.booter.ForkedBooter.invokeProviderInSameClassLoader(ForkedBooter.java:290)
	at org.apache.maven.surefire.booter.ForkedBooter.runSuitesInProcess(ForkedBooter.java:242)
	at org.apache.maven.surefire.booter.ForkedBooter.main(ForkedBooter.java:121)
2019-01-28 18:48:09 INFO  FlyInMenuBehaviourSteps:31 - User is on sso portal's home page
2019-01-28 18:48:13 INFO  FlyInMenuBehaviourSteps:44 - executing Scenario 1
2019-01-28 18:48:31 ERROR UtilityMethods:36 - no such element: Unable to locate element: {"method":"xpath","selector":"//i[contains(text(),'chevron_right')]/ancestor::span[@class='float-right']"}
  (Session info: chrome=65.0.3325.146)
  (Driver info: chromedriver=2.36.540470 (e522d04694c7ebea4ba8821272dbef4f9b818c91),platform=Windows NT 10.0.14393 x86_64) (WARNING: The server did not provide any stacktrace information)
Command duration or timeout: 2.04 seconds
For documentation on this error, please visit: http://seleniumhq.org/exceptions/no_such_element.html
Build info: version: '3.4.0', revision: 'unknown', time: 'unknown'
System info: host: 'PC', ip: '10.191.63.86', os.name: 'Windows 10', os.arch: 'x86', os.version: '10.0', java.version: '1.8.0_111'
Driver info: org.openqa.selenium.chrome.ChromeDriver
Capabilities [{applicationCacheEnabled=false, rotatable=false, mobileEmulationEnabled=false, networkConnectionEnabled=false, chrome={chromedriverVersion=2.36.540470 (e522d04694c7ebea4ba8821272dbef4f9b818c91), userDataDir=C:\Users\you\AppData\Local\Temp\scoped_dir1016_6762}, takesHeapSnapshot=true, pageLoadStrategy=normal, databaseEnabled=false, handlesAlerts=true, hasTouchScreen=false, version=65.0.3325.146, platform=XP, browserConnectionEnabled=false, nativeEvents=true, acceptSslCerts=false, acceptInsecureCerts=false, locationContextEnabled=true, webStorageEnabled=true, browserName=chrome, takesScreenshot=true, javascriptEnabled=true, cssSelectorsEnabled=true, setWindowRect=true, unexpectedAlertBehaviour=}]
Session ID: 7c7c929591d0b458a5d61d93eebf1cf7
*** Element info: {Using=xpath, value=//i[contains(text(),'chevron_right')]/ancestor::span[@class='float-right']}
Command duration or timeout: 3.68 seconds
2019-01-28 18:48:35 INFO  Hooks:25 - ***********************************************************************************************************
2019-01-28 18:48:35 INFO  Hooks:34 -  Launch Browser: "chrome" on Environment:crossbrowser
2019-01-28 18:48:35 ERROR Hooks:40 - initConfig Error
java.lang.NullPointerException
	at com.bec.reporting.utils.Reporter.assignAuthor(Reporter.java:148)
	at com.bec.reporting.steps.Hooks.openBrowser(Hooks.java:38)
	at sun.reflect.NativeMethodAccessorImpl.invoke0(Native Method)
	at sun.reflect.NativeMethodAccessorImpl.invoke(NativeMethodAccessorImpl.java:62)
	at sun.reflect.DelegatingMethodAccessorImpl.invoke(DelegatingMethodAccessorImpl.java:43)
	at java.lang.reflect.Method.invoke(Method.java:498)
	at cucumber.runtime.Utils$1.call(Utils.java:40)
	at cucumber.runtime.Timeout.timeout(Timeout.java:16)
	at cucumber.runtime.Utils.invoke(Utils.java:34)
	at cucumber.runtime.java.JavaHookDefinition.execute(JavaHookDefinition.java:60)
	at cucumber.runtime.Runtime.runHookIfTagsMatch(Runtime.java:224)
	at cucumber.runtime.Runtime.runHooks(Runtime.java:212)
	at cucumber.runtime.Runtime.runBeforeHooks(Runtime.java:202)
	at cucumber.runtime.model.CucumberScenario.run(CucumberScenario.java:40)
	at cucumber.runtime.junit.ExecutionUnitRunner.run(ExecutionUnitRunner.java:102)
	at org.junit.runners.Suite.runChild(Suite.java:128)
	at org.junit.runners.Suite.runChild(Suite.java:27)
	at org.junit.runners.ParentRunner$3.run(ParentRunner.java:290)
	at org.junit.runners.ParentRunner$1.schedule(ParentRunner.java:71)
	at org.junit.runners.ParentRunner.runChildren(ParentRunner.java:288)
	at org.junit.runners.ParentRunner.access$000(ParentRunner.java:58)
	at org.junit.runners.ParentRunner$2.evaluate(ParentRunner.java:268)
	at org.junit.runners.ParentRunner.run(ParentRunner.java:363)
	at cucumber.runtime.junit.ExamplesRunner.run(ExamplesRunner.java:59)
	at org.junit.runners.Suite.runChild(Suite.java:128)
	at org.junit.runners.Suite.runChild(Suite.java:27)
	at org.junit.runners.ParentRunner$3.run(ParentRunner.java:290)
	at org.junit.runners.ParentRunner$1.schedule(ParentRunner.java:71)
	at org.junit.runners.ParentRunner.runChildren(ParentRunner.java:288)
	at org.junit.runners.ParentRunner.access$000(ParentRunner.java:58)
	at org.junit.runners.ParentRunner$2.evaluate(ParentRunner.java:268)
	at org.junit.runners.ParentRunner.run(ParentRunner.java:363)
	at cucumber.runtime.junit.ScenarioOutlineRunner.run(ScenarioOutlineRunner.java:53)
	at cucumber.runtime.junit.FeatureRunner.runChild(FeatureRunner.java:63)
	at cucumber.runtime.junit.FeatureRunner.runChild(FeatureRunner.java:18)
	at org.junit.runners.ParentRunner$3.run(ParentRunner.java:290)
	at org.junit.runners.ParentRunner$1.schedule(ParentRunner.java:71)
	at org.junit.runners.ParentRunner.runChildren(ParentRunner.java:288)
	at org.junit.runners.ParentRunner.access$000(ParentRunner.java:58)
	at org.junit.runners.ParentRunner$2.evaluate(ParentRunner.java:268)
	at org.junit.runners.ParentRunner.run(ParentRunner.java:363)
	at cucumber.runtime.junit.FeatureRunner.run(FeatureRunner.java:70)
	at cucumber.api.junit.Cucumber.runChild(Cucumber.java:95)
	at cucumber.api.junit.Cucumber.runChild(Cucumber.java:38)
	at org.junit.runners.ParentRunner$3.run(ParentRunner.java:290)
	at org.junit.runners.ParentRunner$1.schedule(ParentRunner.java:71)
	at org.junit.runners.ParentRunner.runChildren(ParentRunner.java:288)
	at org.junit.runners.ParentRunner.access$000(ParentRunner.java:58)
	at org.junit.runners.ParentRunner$2.evaluate(ParentRunner.java:268)
	at org.junit.runners.ParentRunner.run(ParentRunner.java:363)
	at cucumber.api.junit.Cucumber.run(Cucumber.java:100)
	at org.apache.maven.surefire.junit4.JUnit4Provider.execute(JUnit4Provider.java:367)
	at org.apache.maven.surefire.junit4.JUnit4Provider.executeWithRerun(JUnit4Provider.java:274)
	at org.apache.maven.surefire.junit4.JUnit4Provider.executeTestSet(JUnit4Provider.java:238)
	at org.apache.maven.surefire.junit4.JUnit4Provider.invoke(JUnit4Provider.java:161)
	at org.apache.maven.surefire.booter.ForkedBooter.invokeProviderInSameClassLoader(ForkedBooter.java:290)
	at org.apache.maven.surefire.booter.ForkedBooter.runSuitesInProcess(ForkedBooter.java:242)
	at org.apache.maven.surefire.booter.ForkedBooter.main(ForkedBooter.java:121)
2019-01-28 18:48:35 INFO  FlyInMenuBehaviourSteps:31 - User is on sso portal's home page
2019-01-28 18:48:41 INFO  FlyInMenuBehaviourSteps:99 - executing Scenario 2
2019-01-28 18:49:22 INFO  Hooks:25 - ***********************************************************************************************************
2019-01-28 18:49:22 INFO  Hooks:34 -  Launch Browser: "chrome" on Environment:crossbrowser
2019-01-28 18:49:22 ERROR Hooks:40 - initConfig Error
java.lang.NullPointerException
	at com.bec.reporting.utils.Reporter.assignAuthor(Reporter.java:148)
	at com.bec.reporting.steps.Hooks.openBrowser(Hooks.java:38)
	at sun.reflect.NativeMethodAccessorImpl.invoke0(Native Method)
	at sun.reflect.NativeMethodAccessorImpl.invoke(NativeMethodAccessorImpl.java:62)
	at sun.reflect.DelegatingMethodAccessorImpl.invoke(DelegatingMethodAccessorImpl.java:43)
	at java.lang.reflect.Method.invoke(Method.java:498)
	at cucumber.runtime.Utils$1.call(Utils.java:40)
	at cucumber.runtime.Timeout.timeout(Timeout.java:16)
	at cucumber.runtime.Utils.invoke(Utils.java:34)
	at cucumber.runtime.java.JavaHookDefinition.execute(JavaHookDefinition.java:60)
	at cucumber.runtime.Runtime.runHookIfTagsMatch(Runtime.java:224)
	at cucumber.runtime.Runtime.runHooks(Runtime.java:212)
	at cucumber.runtime.Runtime.runBeforeHooks(Runtime.java:202)
	at cucumber.runtime.model.CucumberScenario.run(CucumberScenario.java:40)
	at cucumber.runtime.junit.ExecutionUnitRunner.run(ExecutionUnitRunner.java:102)
	at org.junit.runners.Suite.runChild(Suite.java:128)
	at org.junit.runners.Suite.runChild(Suite.java:27)
	at org.junit.runners.ParentRunner$3.run(ParentRunner.java:290)
	at org.junit.runners.ParentRunner$1.schedule(ParentRunner.java:71)
	at org.junit.runners.ParentRunner.runChildren(ParentRunner.java:288)
	at org.junit.runners.ParentRunner.access$000(ParentRunner.java:58)
	at org.junit.runners.ParentRunner$2.evaluate(ParentRunner.java:268)
	at org.junit.runners.ParentRunner.run(ParentRunner.java:363)
	at cucumber.runtime.junit.ExamplesRunner.run(ExamplesRunner.java:59)
	at org.junit.runners.Suite.runChild(Suite.java:128)
	at org.junit.runners.Suite.runChild(Suite.java:27)
	at org.junit.runners.ParentRunner$3.run(ParentRunner.java:290)
	at org.junit.runners.ParentRunner$1.schedule(ParentRunner.java:71)
	at org.junit.runners.ParentRunner.runChildren(ParentRunner.java:288)
	at org.junit.runners.ParentRunner.access$000(ParentRunner.java:58)
	at org.junit.runners.ParentRunner$2.evaluate(ParentRunner.java:268)
	at org.junit.runners.ParentRunner.run(ParentRunner.java:363)
	at cucumber.runtime.junit.ScenarioOutlineRunner.run(ScenarioOutlineRunner.java:53)
	at cucumber.runtime.junit.FeatureRunner.runChild(FeatureRunner.java:63)
	at cucumber.runtime.junit.FeatureRunner.runChild(FeatureRunner.java:18)
	at org.junit.runners.ParentRunner$3.run(ParentRunner.java:290)
	at org.junit.runners.ParentRunner$1.schedule(ParentRunner.java:71)
	at org.junit.runners.ParentRunner.runChildren(ParentRunner.java:288)
	at org.junit.runners.ParentRunner.access$000(ParentRunner.java:58)
	at org.junit.runners.ParentRunner$2.evaluate(ParentRunner.java:268)
	at org.junit.runners.ParentRunner.run(ParentRunner.java:363)
	at cucumber.runtime.junit.FeatureRunner.run(FeatureRunner.java:70)
	at cucumber.api.junit.Cucumber.runChild(Cucumber.java:95)
	at cucumber.api.junit.Cucumber.runChild(Cucumber.java:38)
	at org.junit.runners.ParentRunner$3.run(ParentRunner.java:290)
	at org.junit.runners.ParentRunner$1.schedule(ParentRunner.java:71)
	at org.junit.runners.ParentRunner.runChildren(ParentRunner.java:288)
	at org.junit.runners.ParentRunner.access$000(ParentRunner.java:58)
	at org.junit.runners.ParentRunner$2.evaluate(ParentRunner.java:268)
	at org.junit.runners.ParentRunner.run(ParentRunner.java:363)
	at cucumber.api.junit.Cucumber.run(Cucumber.java:100)
	at org.apache.maven.surefire.junit4.JUnit4Provider.execute(JUnit4Provider.java:367)
	at org.apache.maven.surefire.junit4.JUnit4Provider.executeWithRerun(JUnit4Provider.java:274)
	at org.apache.maven.surefire.junit4.JUnit4Provider.executeTestSet(JUnit4Provider.java:238)
	at org.apache.maven.surefire.junit4.JUnit4Provider.invoke(JUnit4Provider.java:161)
	at org.apache.maven.surefire.booter.ForkedBooter.invokeProviderInSameClassLoader(ForkedBooter.java:290)
	at org.apache.maven.surefire.booter.ForkedBooter.runSuitesInProcess(ForkedBooter.java:242)
	at org.apache.maven.surefire.booter.ForkedBooter.main(ForkedBooter.java:121)
2019-01-28 18:49:22 INFO  FlyInMenuBehaviourSteps:31 - User is on sso portal's home page
2019-01-28 18:49:26 INFO  FlyInMenuBehaviourSteps:99 - executing Scenario 2
2019-01-28 18:50:08 INFO  Hooks:25 - ***********************************************************************************************************
2019-01-28 18:50:08 INFO  Hooks:34 -  Launch Browser: "chrome" on Environment:crossbrowser
2019-01-28 18:50:08 ERROR Hooks:40 - initConfig Error
java.lang.NullPointerException
	at com.bec.reporting.utils.Reporter.assignAuthor(Reporter.java:148)
	at com.bec.reporting.steps.Hooks.openBrowser(Hooks.java:38)
	at sun.reflect.NativeMethodAccessorImpl.invoke0(Native Method)
	at sun.reflect.NativeMethodAccessorImpl.invoke(NativeMethodAccessorImpl.java:62)
	at sun.reflect.DelegatingMethodAccessorImpl.invoke(DelegatingMethodAccessorImpl.java:43)
	at java.lang.reflect.Method.invoke(Method.java:498)
	at cucumber.runtime.Utils$1.call(Utils.java:40)
	at cucumber.runtime.Timeout.timeout(Timeout.java:16)
	at cucumber.runtime.Utils.invoke(Utils.java:34)
	at cucumber.runtime.java.JavaHookDefinition.execute(JavaHookDefinition.java:60)
	at cucumber.runtime.Runtime.runHookIfTagsMatch(Runtime.java:224)
	at cucumber.runtime.Runtime.runHooks(Runtime.java:212)
	at cucumber.runtime.Runtime.runBeforeHooks(Runtime.java:202)
	at cucumber.runtime.model.CucumberScenario.run(CucumberScenario.java:40)
	at cucumber.runtime.junit.ExecutionUnitRunner.run(ExecutionUnitRunner.java:102)
	at org.junit.runners.Suite.runChild(Suite.java:128)
	at org.junit.runners.Suite.runChild(Suite.java:27)
	at org.junit.runners.ParentRunner$3.run(ParentRunner.java:290)
	at org.junit.runners.ParentRunner$1.schedule(ParentRunner.java:71)
	at org.junit.runners.ParentRunner.runChildren(ParentRunner.java:288)
	at org.junit.runners.ParentRunner.access$000(ParentRunner.java:58)
	at org.junit.runners.ParentRunner$2.evaluate(ParentRunner.java:268)
	at org.junit.runners.ParentRunner.run(ParentRunner.java:363)
	at cucumber.runtime.junit.ExamplesRunner.run(ExamplesRunner.java:59)
	at org.junit.runners.Suite.runChild(Suite.java:128)
	at org.junit.runners.Suite.runChild(Suite.java:27)
	at org.junit.runners.ParentRunner$3.run(ParentRunner.java:290)
	at org.junit.runners.ParentRunner$1.schedule(ParentRunner.java:71)
	at org.junit.runners.ParentRunner.runChildren(ParentRunner.java:288)
	at org.junit.runners.ParentRunner.access$000(ParentRunner.java:58)
	at org.junit.runners.ParentRunner$2.evaluate(ParentRunner.java:268)
	at org.junit.runners.ParentRunner.run(ParentRunner.java:363)
	at cucumber.runtime.junit.ScenarioOutlineRunner.run(ScenarioOutlineRunner.java:53)
	at cucumber.runtime.junit.FeatureRunner.runChild(FeatureRunner.java:63)
	at cucumber.runtime.junit.FeatureRunner.runChild(FeatureRunner.java:18)
	at org.junit.runners.ParentRunner$3.run(ParentRunner.java:290)
	at org.junit.runners.ParentRunner$1.schedule(ParentRunner.java:71)
	at org.junit.runners.ParentRunner.runChildren(ParentRunner.java:288)
	at org.junit.runners.ParentRunner.access$000(ParentRunner.java:58)
	at org.junit.runners.ParentRunner$2.evaluate(ParentRunner.java:268)
	at org.junit.runners.ParentRunner.run(ParentRunner.java:363)
	at cucumber.runtime.junit.FeatureRunner.run(FeatureRunner.java:70)
	at cucumber.api.junit.Cucumber.runChild(Cucumber.java:95)
	at cucumber.api.junit.Cucumber.runChild(Cucumber.java:38)
	at org.junit.runners.ParentRunner$3.run(ParentRunner.java:290)
	at org.junit.runners.ParentRunner$1.schedule(ParentRunner.java:71)
	at org.junit.runners.ParentRunner.runChildren(ParentRunner.java:288)
	at org.junit.runners.ParentRunner.access$000(ParentRunner.java:58)
	at org.junit.runners.ParentRunner$2.evaluate(ParentRunner.java:268)
	at org.junit.runners.ParentRunner.run(ParentRunner.java:363)
	at cucumber.api.junit.Cucumber.run(Cucumber.java:100)
	at org.apache.maven.surefire.junit4.JUnit4Provider.execute(JUnit4Provider.java:367)
	at org.apache.maven.surefire.junit4.JUnit4Provider.executeWithRerun(JUnit4Provider.java:274)
	at org.apache.maven.surefire.junit4.JUnit4Provider.executeTestSet(JUnit4Provider.java:238)
	at org.apache.maven.surefire.junit4.JUnit4Provider.invoke(JUnit4Provider.java:161)
	at org.apache.maven.surefire.booter.ForkedBooter.invokeProviderInSameClassLoader(ForkedBooter.java:290)
	at org.apache.maven.surefire.booter.ForkedBooter.runSuitesInProcess(ForkedBooter.java:242)
	at org.apache.maven.surefire.booter.ForkedBooter.main(ForkedBooter.java:121)
2019-01-28 18:50:08 INFO  FlyInMenuBehaviourSteps:31 - User is on sso portal's home page
2019-01-28 18:50:14 INFO  FlyInMenuBehaviourSteps:175 - executing Scenario 3
2019-01-28 18:50:44 INFO  Hooks:25 - ***********************************************************************************************************
2019-01-28 18:50:44 INFO  Hooks:34 -  Launch Browser: "chrome" on Environment:crossbrowser
2019-01-28 18:50:44 ERROR Hooks:40 - initConfig Error
java.lang.NullPointerException
	at com.bec.reporting.utils.Reporter.assignAuthor(Reporter.java:148)
	at com.bec.reporting.steps.Hooks.openBrowser(Hooks.java:38)
	at sun.reflect.NativeMethodAccessorImpl.invoke0(Native Method)
	at sun.reflect.NativeMethodAccessorImpl.invoke(NativeMethodAccessorImpl.java:62)
	at sun.reflect.DelegatingMethodAccessorImpl.invoke(DelegatingMethodAccessorImpl.java:43)
	at java.lang.reflect.Method.invoke(Method.java:498)
	at cucumber.runtime.Utils$1.call(Utils.java:40)
	at cucumber.runtime.Timeout.timeout(Timeout.java:16)
	at cucumber.runtime.Utils.invoke(Utils.java:34)
	at cucumber.runtime.java.JavaHookDefinition.execute(JavaHookDefinition.java:60)
	at cucumber.runtime.Runtime.runHookIfTagsMatch(Runtime.java:224)
	at cucumber.runtime.Runtime.runHooks(Runtime.java:212)
	at cucumber.runtime.Runtime.runBeforeHooks(Runtime.java:202)
	at cucumber.runtime.model.CucumberScenario.run(CucumberScenario.java:40)
	at cucumber.runtime.junit.ExecutionUnitRunner.run(ExecutionUnitRunner.java:102)
	at org.junit.runners.Suite.runChild(Suite.java:128)
	at org.junit.runners.Suite.runChild(Suite.java:27)
	at org.junit.runners.ParentRunner$3.run(ParentRunner.java:290)
	at org.junit.runners.ParentRunner$1.schedule(ParentRunner.java:71)
	at org.junit.runners.ParentRunner.runChildren(ParentRunner.java:288)
	at org.junit.runners.ParentRunner.access$000(ParentRunner.java:58)
	at org.junit.runners.ParentRunner$2.evaluate(ParentRunner.java:268)
	at org.junit.runners.ParentRunner.run(ParentRunner.java:363)
	at cucumber.runtime.junit.ExamplesRunner.run(ExamplesRunner.java:59)
	at org.junit.runners.Suite.runChild(Suite.java:128)
	at org.junit.runners.Suite.runChild(Suite.java:27)
	at org.junit.runners.ParentRunner$3.run(ParentRunner.java:290)
	at org.junit.runners.ParentRunner$1.schedule(ParentRunner.java:71)
	at org.junit.runners.ParentRunner.runChildren(ParentRunner.java:288)
	at org.junit.runners.ParentRunner.access$000(ParentRunner.java:58)
	at org.junit.runners.ParentRunner$2.evaluate(ParentRunner.java:268)
	at org.junit.runners.ParentRunner.run(ParentRunner.java:363)
	at cucumber.runtime.junit.ScenarioOutlineRunner.run(ScenarioOutlineRunner.java:53)
	at cucumber.runtime.junit.FeatureRunner.runChild(FeatureRunner.java:63)
	at cucumber.runtime.junit.FeatureRunner.runChild(FeatureRunner.java:18)
	at org.junit.runners.ParentRunner$3.run(ParentRunner.java:290)
	at org.junit.runners.ParentRunner$1.schedule(ParentRunner.java:71)
	at org.junit.runners.ParentRunner.runChildren(ParentRunner.java:288)
	at org.junit.runners.ParentRunner.access$000(ParentRunner.java:58)
	at org.junit.runners.ParentRunner$2.evaluate(ParentRunner.java:268)
	at org.junit.runners.ParentRunner.run(ParentRunner.java:363)
	at cucumber.runtime.junit.FeatureRunner.run(FeatureRunner.java:70)
	at cucumber.api.junit.Cucumber.runChild(Cucumber.java:95)
	at cucumber.api.junit.Cucumber.runChild(Cucumber.java:38)
	at org.junit.runners.ParentRunner$3.run(ParentRunner.java:290)
	at org.junit.runners.ParentRunner$1.schedule(ParentRunner.java:71)
	at org.junit.runners.ParentRunner.runChildren(ParentRunner.java:288)
	at org.junit.runners.ParentRunner.access$000(ParentRunner.java:58)
	at org.junit.runners.ParentRunner$2.evaluate(ParentRunner.java:268)
	at org.junit.runners.ParentRunner.run(ParentRunner.java:363)
	at cucumber.api.junit.Cucumber.run(Cucumber.java:100)
	at org.apache.maven.surefire.junit4.JUnit4Provider.execute(JUnit4Provider.java:367)
	at org.apache.maven.surefire.junit4.JUnit4Provider.executeWithRerun(JUnit4Provider.java:274)
	at org.apache.maven.surefire.junit4.JUnit4Provider.executeTestSet(JUnit4Provider.java:238)
	at org.apache.maven.surefire.junit4.JUnit4Provider.invoke(JUnit4Provider.java:161)
	at org.apache.maven.surefire.booter.ForkedBooter.invokeProviderInSameClassLoader(ForkedBooter.java:290)
	at org.apache.maven.surefire.booter.ForkedBooter.runSuitesInProcess(ForkedBooter.java:242)
	at org.apache.maven.surefire.booter.ForkedBooter.main(ForkedBooter.java:121)
2019-01-28 18:50:44 INFO  FlyInMenuBehaviourSteps:31 - User is on sso portal's home page
2019-01-28 18:50:50 INFO  FlyInMenuBehaviourSteps:175 - executing Scenario 3
2019-01-28 18:51:24 INFO  Hooks:25 - ***********************************************************************************************************
2019-01-28 18:51:24 INFO  Hooks:34 -  Launch Browser: "chrome" on Environment:crossbrowser
2019-01-28 18:51:24 ERROR Hooks:40 - initConfig Error
java.lang.NullPointerException
	at com.bec.reporting.utils.Reporter.assignAuthor(Reporter.java:148)
	at com.bec.reporting.steps.Hooks.openBrowser(Hooks.java:38)
	at sun.reflect.NativeMethodAccessorImpl.invoke0(Native Method)
	at sun.reflect.NativeMethodAccessorImpl.invoke(NativeMethodAccessorImpl.java:62)
	at sun.reflect.DelegatingMethodAccessorImpl.invoke(DelegatingMethodAccessorImpl.java:43)
	at java.lang.reflect.Method.invoke(Method.java:498)
	at cucumber.runtime.Utils$1.call(Utils.java:40)
	at cucumber.runtime.Timeout.timeout(Timeout.java:16)
	at cucumber.runtime.Utils.invoke(Utils.java:34)
	at cucumber.runtime.java.JavaHookDefinition.execute(JavaHookDefinition.java:60)
	at cucumber.runtime.Runtime.runHookIfTagsMatch(Runtime.java:224)
	at cucumber.runtime.Runtime.runHooks(Runtime.java:212)
	at cucumber.runtime.Runtime.runBeforeHooks(Runtime.java:202)
	at cucumber.runtime.model.CucumberScenario.run(CucumberScenario.java:40)
	at cucumber.runtime.junit.ExecutionUnitRunner.run(ExecutionUnitRunner.java:102)
	at cucumber.runtime.junit.FeatureRunner.runChild(FeatureRunner.java:63)
	at cucumber.runtime.junit.FeatureRunner.runChild(FeatureRunner.java:18)
	at org.junit.runners.ParentRunner$3.run(ParentRunner.java:290)
	at org.junit.runners.ParentRunner$1.schedule(ParentRunner.java:71)
	at org.junit.runners.ParentRunner.runChildren(ParentRunner.java:288)
	at org.junit.runners.ParentRunner.access$000(ParentRunner.java:58)
	at org.junit.runners.ParentRunner$2.evaluate(ParentRunner.java:268)
	at org.junit.runners.ParentRunner.run(ParentRunner.java:363)
	at cucumber.runtime.junit.FeatureRunner.run(FeatureRunner.java:70)
	at cucumber.api.junit.Cucumber.runChild(Cucumber.java:95)
	at cucumber.api.junit.Cucumber.runChild(Cucumber.java:38)
	at org.junit.runners.ParentRunner$3.run(ParentRunner.java:290)
	at org.junit.runners.ParentRunner$1.schedule(ParentRunner.java:71)
	at org.junit.runners.ParentRunner.runChildren(ParentRunner.java:288)
	at org.junit.runners.ParentRunner.access$000(ParentRunner.java:58)
	at org.junit.runners.ParentRunner$2.evaluate(ParentRunner.java:268)
	at org.junit.runners.ParentRunner.run(ParentRunner.java:363)
	at cucumber.api.junit.Cucumber.run(Cucumber.java:100)
	at org.apache.maven.surefire.junit4.JUnit4Provider.execute(JUnit4Provider.java:367)
	at org.apache.maven.surefire.junit4.JUnit4Provider.executeWithRerun(JUnit4Provider.java:274)
	at org.apache.maven.surefire.junit4.JUnit4Provider.executeTestSet(JUnit4Provider.java:238)
	at org.apache.maven.surefire.junit4.JUnit4Provider.invoke(JUnit4Provider.java:161)
	at org.apache.maven.surefire.booter.ForkedBooter.invokeProviderInSameClassLoader(ForkedBooter.java:290)
	at org.apache.maven.surefire.booter.ForkedBooter.runSuitesInProcess(ForkedBooter.java:242)
	at org.apache.maven.surefire.booter.ForkedBooter.main(ForkedBooter.java:121)
2019-01-28 18:51:24 INFO  FlyInMenuBehaviourSteps:31 - User is on sso portal's home page
2019-01-28 18:51:34 INFO  FlyInMenuBehaviourSteps:250 - executing Scenario 4
2019-01-28 18:52:00 INFO  Hooks:25 - ***********************************************************************************************************
2019-01-28 18:52:00 INFO  Hooks:34 -  Launch Browser: "chrome" on Environment:crossbrowser
2019-01-28 18:52:00 ERROR Hooks:40 - initConfig Error
java.lang.NullPointerException
	at com.bec.reporting.utils.Reporter.assignAuthor(Reporter.java:148)
	at com.bec.reporting.steps.Hooks.openBrowser(Hooks.java:38)
	at sun.reflect.NativeMethodAccessorImpl.invoke0(Native Method)
	at sun.reflect.NativeMethodAccessorImpl.invoke(NativeMethodAccessorImpl.java:62)
	at sun.reflect.DelegatingMethodAccessorImpl.invoke(DelegatingMethodAccessorImpl.java:43)
	at java.lang.reflect.Method.invoke(Method.java:498)
	at cucumber.runtime.Utils$1.call(Utils.java:40)
	at cucumber.runtime.Timeout.timeout(Timeout.java:16)
	at cucumber.runtime.Utils.invoke(Utils.java:34)
	at cucumber.runtime.java.JavaHookDefinition.execute(JavaHookDefinition.java:60)
	at cucumber.runtime.Runtime.runHookIfTagsMatch(Runtime.java:224)
	at cucumber.runtime.Runtime.runHooks(Runtime.java:212)
	at cucumber.runtime.Runtime.runBeforeHooks(Runtime.java:202)
	at cucumber.runtime.model.CucumberScenario.run(CucumberScenario.java:40)
	at cucumber.runtime.junit.ExecutionUnitRunner.run(ExecutionUnitRunner.java:102)
	at org.junit.runners.Suite.runChild(Suite.java:128)
	at org.junit.runners.Suite.runChild(Suite.java:27)
	at org.junit.runners.ParentRunner$3.run(ParentRunner.java:290)
	at org.junit.runners.ParentRunner$1.schedule(ParentRunner.java:71)
	at org.junit.runners.ParentRunner.runChildren(ParentRunner.java:288)
	at org.junit.runners.ParentRunner.access$000(ParentRunner.java:58)
	at org.junit.runners.ParentRunner$2.evaluate(ParentRunner.java:268)
	at org.junit.runners.ParentRunner.run(ParentRunner.java:363)
	at cucumber.runtime.junit.ExamplesRunner.run(ExamplesRunner.java:59)
	at org.junit.runners.Suite.runChild(Suite.java:128)
	at org.junit.runners.Suite.runChild(Suite.java:27)
	at org.junit.runners.ParentRunner$3.run(ParentRunner.java:290)
	at org.junit.runners.ParentRunner$1.schedule(ParentRunner.java:71)
	at org.junit.runners.ParentRunner.runChildren(ParentRunner.java:288)
	at org.junit.runners.ParentRunner.access$000(ParentRunner.java:58)
	at org.junit.runners.ParentRunner$2.evaluate(ParentRunner.java:268)
	at org.junit.runners.ParentRunner.run(ParentRunner.java:363)
	at cucumber.runtime.junit.ScenarioOutlineRunner.run(ScenarioOutlineRunner.java:53)
	at cucumber.runtime.junit.FeatureRunner.runChild(FeatureRunner.java:63)
	at cucumber.runtime.junit.FeatureRunner.runChild(FeatureRunner.java:18)
	at org.junit.runners.ParentRunner$3.run(ParentRunner.java:290)
	at org.junit.runners.ParentRunner$1.schedule(ParentRunner.java:71)
	at org.junit.runners.ParentRunner.runChildren(ParentRunner.java:288)
	at org.junit.runners.ParentRunner.access$000(ParentRunner.java:58)
	at org.junit.runners.ParentRunner$2.evaluate(ParentRunner.java:268)
	at org.junit.runners.ParentRunner.run(ParentRunner.java:363)
	at cucumber.runtime.junit.FeatureRunner.run(FeatureRunner.java:70)
	at cucumber.api.junit.Cucumber.runChild(Cucumber.java:95)
	at cucumber.api.junit.Cucumber.runChild(Cucumber.java:38)
	at org.junit.runners.ParentRunner$3.run(ParentRunner.java:290)
	at org.junit.runners.ParentRunner$1.schedule(ParentRunner.java:71)
	at org.junit.runners.ParentRunner.runChildren(ParentRunner.java:288)
	at org.junit.runners.ParentRunner.access$000(ParentRunner.java:58)
	at org.junit.runners.ParentRunner$2.evaluate(ParentRunner.java:268)
	at org.junit.runners.ParentRunner.run(ParentRunner.java:363)
	at cucumber.api.junit.Cucumber.run(Cucumber.java:100)
	at org.apache.maven.surefire.junit4.JUnit4Provider.execute(JUnit4Provider.java:367)
	at org.apache.maven.surefire.junit4.JUnit4Provider.executeWithRerun(JUnit4Provider.java:274)
	at org.apache.maven.surefire.junit4.JUnit4Provider.executeTestSet(JUnit4Provider.java:238)
	at org.apache.maven.surefire.junit4.JUnit4Provider.invoke(JUnit4Provider.java:161)
	at org.apache.maven.surefire.booter.ForkedBooter.invokeProviderInSameClassLoader(ForkedBooter.java:290)
	at org.apache.maven.surefire.booter.ForkedBooter.runSuitesInProcess(ForkedBooter.java:242)
	at org.apache.maven.surefire.booter.ForkedBooter.main(ForkedBooter.java:121)
2019-01-28 18:52:00 INFO  FlyInMenuBehaviourSteps:31 - User is on sso portal's home page
2019-01-28 18:52:06 INFO  FlyInMenuBehaviourSteps:303 - executing Scenario 5
2019-01-28 18:52:08 INFO  FlyInMenuBehaviourSteps:321 - Roster shows tooltip Select Student, Class, Grade, etc.
2019-01-28 18:52:11 INFO  Hooks:25 - ***********************************************************************************************************
2019-01-28 18:52:11 INFO  Hooks:34 -  Launch Browser: "chrome" on Environment:crossbrowser
2019-01-28 18:52:11 ERROR Hooks:40 - initConfig Error
java.lang.NullPointerException
	at com.bec.reporting.utils.Reporter.assignAuthor(Reporter.java:148)
	at com.bec.reporting.steps.Hooks.openBrowser(Hooks.java:38)
	at sun.reflect.NativeMethodAccessorImpl.invoke0(Native Method)
	at sun.reflect.NativeMethodAccessorImpl.invoke(NativeMethodAccessorImpl.java:62)
	at sun.reflect.DelegatingMethodAccessorImpl.invoke(DelegatingMethodAccessorImpl.java:43)
	at java.lang.reflect.Method.invoke(Method.java:498)
	at cucumber.runtime.Utils$1.call(Utils.java:40)
	at cucumber.runtime.Timeout.timeout(Timeout.java:16)
	at cucumber.runtime.Utils.invoke(Utils.java:34)
	at cucumber.runtime.java.JavaHookDefinition.execute(JavaHookDefinition.java:60)
	at cucumber.runtime.Runtime.runHookIfTagsMatch(Runtime.java:224)
	at cucumber.runtime.Runtime.runHooks(Runtime.java:212)
	at cucumber.runtime.Runtime.runBeforeHooks(Runtime.java:202)
	at cucumber.runtime.model.CucumberScenario.run(CucumberScenario.java:40)
	at cucumber.runtime.junit.ExecutionUnitRunner.run(ExecutionUnitRunner.java:102)
	at org.junit.runners.Suite.runChild(Suite.java:128)
	at org.junit.runners.Suite.runChild(Suite.java:27)
	at org.junit.runners.ParentRunner$3.run(ParentRunner.java:290)
	at org.junit.runners.ParentRunner$1.schedule(ParentRunner.java:71)
	at org.junit.runners.ParentRunner.runChildren(ParentRunner.java:288)
	at org.junit.runners.ParentRunner.access$000(ParentRunner.java:58)
	at org.junit.runners.ParentRunner$2.evaluate(ParentRunner.java:268)
	at org.junit.runners.ParentRunner.run(ParentRunner.java:363)
	at cucumber.runtime.junit.ExamplesRunner.run(ExamplesRunner.java:59)
	at org.junit.runners.Suite.runChild(Suite.java:128)
	at org.junit.runners.Suite.runChild(Suite.java:27)
	at org.junit.runners.ParentRunner$3.run(ParentRunner.java:290)
	at org.junit.runners.ParentRunner$1.schedule(ParentRunner.java:71)
	at org.junit.runners.ParentRunner.runChildren(ParentRunner.java:288)
	at org.junit.runners.ParentRunner.access$000(ParentRunner.java:58)
	at org.junit.runners.ParentRunner$2.evaluate(ParentRunner.java:268)
	at org.junit.runners.ParentRunner.run(ParentRunner.java:363)
	at cucumber.runtime.junit.ScenarioOutlineRunner.run(ScenarioOutlineRunner.java:53)
	at cucumber.runtime.junit.FeatureRunner.runChild(FeatureRunner.java:63)
	at cucumber.runtime.junit.FeatureRunner.runChild(FeatureRunner.java:18)
	at org.junit.runners.ParentRunner$3.run(ParentRunner.java:290)
	at org.junit.runners.ParentRunner$1.schedule(ParentRunner.java:71)
	at org.junit.runners.ParentRunner.runChildren(ParentRunner.java:288)
	at org.junit.runners.ParentRunner.access$000(ParentRunner.java:58)
	at org.junit.runners.ParentRunner$2.evaluate(ParentRunner.java:268)
	at org.junit.runners.ParentRunner.run(ParentRunner.java:363)
	at cucumber.runtime.junit.FeatureRunner.run(FeatureRunner.java:70)
	at cucumber.api.junit.Cucumber.runChild(Cucumber.java:95)
	at cucumber.api.junit.Cucumber.runChild(Cucumber.java:38)
	at org.junit.runners.ParentRunner$3.run(ParentRunner.java:290)
	at org.junit.runners.ParentRunner$1.schedule(ParentRunner.java:71)
	at org.junit.runners.ParentRunner.runChildren(ParentRunner.java:288)
	at org.junit.runners.ParentRunner.access$000(ParentRunner.java:58)
	at org.junit.runners.ParentRunner$2.evaluate(ParentRunner.java:268)
	at org.junit.runners.ParentRunner.run(ParentRunner.java:363)
	at cucumber.api.junit.Cucumber.run(Cucumber.java:100)
	at org.apache.maven.surefire.junit4.JUnit4Provider.execute(JUnit4Provider.java:367)
	at org.apache.maven.surefire.junit4.JUnit4Provider.executeWithRerun(JUnit4Provider.java:274)
	at org.apache.maven.surefire.junit4.JUnit4Provider.executeTestSet(JUnit4Provider.java:238)
	at org.apache.maven.surefire.junit4.JUnit4Provider.invoke(JUnit4Provider.java:161)
	at org.apache.maven.surefire.booter.ForkedBooter.invokeProviderInSameClassLoader(ForkedBooter.java:290)
	at org.apache.maven.surefire.booter.ForkedBooter.runSuitesInProcess(ForkedBooter.java:242)
	at org.apache.maven.surefire.booter.ForkedBooter.main(ForkedBooter.java:121)
2019-01-28 18:52:11 INFO  FlyInMenuBehaviourSteps:31 - User is on sso portal's home page
2019-01-28 18:52:16 INFO  FlyInMenuBehaviourSteps:303 - executing Scenario 5
2019-01-28 18:52:18 INFO  FlyInMenuBehaviourSteps:321 - Test shows tooltip Select Test(s)
2019-01-28 18:52:22 INFO  Hooks:25 - ***********************************************************************************************************
2019-01-28 18:52:22 INFO  Hooks:34 -  Launch Browser: "chrome" on Environment:crossbrowser
2019-01-28 18:52:22 ERROR Hooks:40 - initConfig Error
java.lang.NullPointerException
	at com.bec.reporting.utils.Reporter.assignAuthor(Reporter.java:148)
	at com.bec.reporting.steps.Hooks.openBrowser(Hooks.java:38)
	at sun.reflect.NativeMethodAccessorImpl.invoke0(Native Method)
	at sun.reflect.NativeMethodAccessorImpl.invoke(NativeMethodAccessorImpl.java:62)
	at sun.reflect.DelegatingMethodAccessorImpl.invoke(DelegatingMethodAccessorImpl.java:43)
	at java.lang.reflect.Method.invoke(Method.java:498)
	at cucumber.runtime.Utils$1.call(Utils.java:40)
	at cucumber.runtime.Timeout.timeout(Timeout.java:16)
	at cucumber.runtime.Utils.invoke(Utils.java:34)
	at cucumber.runtime.java.JavaHookDefinition.execute(JavaHookDefinition.java:60)
	at cucumber.runtime.Runtime.runHookIfTagsMatch(Runtime.java:224)
	at cucumber.runtime.Runtime.runHooks(Runtime.java:212)
	at cucumber.runtime.Runtime.runBeforeHooks(Runtime.java:202)
	at cucumber.runtime.model.CucumberScenario.run(CucumberScenario.java:40)
	at cucumber.runtime.junit.ExecutionUnitRunner.run(ExecutionUnitRunner.java:102)
	at org.junit.runners.Suite.runChild(Suite.java:128)
	at org.junit.runners.Suite.runChild(Suite.java:27)
	at org.junit.runners.ParentRunner$3.run(ParentRunner.java:290)
	at org.junit.runners.ParentRunner$1.schedule(ParentRunner.java:71)
	at org.junit.runners.ParentRunner.runChildren(ParentRunner.java:288)
	at org.junit.runners.ParentRunner.access$000(ParentRunner.java:58)
	at org.junit.runners.ParentRunner$2.evaluate(ParentRunner.java:268)
	at org.junit.runners.ParentRunner.run(ParentRunner.java:363)
	at cucumber.runtime.junit.ExamplesRunner.run(ExamplesRunner.java:59)
	at org.junit.runners.Suite.runChild(Suite.java:128)
	at org.junit.runners.Suite.runChild(Suite.java:27)
	at org.junit.runners.ParentRunner$3.run(ParentRunner.java:290)
	at org.junit.runners.ParentRunner$1.schedule(ParentRunner.java:71)
	at org.junit.runners.ParentRunner.runChildren(ParentRunner.java:288)
	at org.junit.runners.ParentRunner.access$000(ParentRunner.java:58)
	at org.junit.runners.ParentRunner$2.evaluate(ParentRunner.java:268)
	at org.junit.runners.ParentRunner.run(ParentRunner.java:363)
	at cucumber.runtime.junit.ScenarioOutlineRunner.run(ScenarioOutlineRunner.java:53)
	at cucumber.runtime.junit.FeatureRunner.runChild(FeatureRunner.java:63)
	at cucumber.runtime.junit.FeatureRunner.runChild(FeatureRunner.java:18)
	at org.junit.runners.ParentRunner$3.run(ParentRunner.java:290)
	at org.junit.runners.ParentRunner$1.schedule(ParentRunner.java:71)
	at org.junit.runners.ParentRunner.runChildren(ParentRunner.java:288)
	at org.junit.runners.ParentRunner.access$000(ParentRunner.java:58)
	at org.junit.runners.ParentRunner$2.evaluate(ParentRunner.java:268)
	at org.junit.runners.ParentRunner.run(ParentRunner.java:363)
	at cucumber.runtime.junit.FeatureRunner.run(FeatureRunner.java:70)
	at cucumber.api.junit.Cucumber.runChild(Cucumber.java:95)
	at cucumber.api.junit.Cucumber.runChild(Cucumber.java:38)
	at org.junit.runners.ParentRunner$3.run(ParentRunner.java:290)
	at org.junit.runners.ParentRunner$1.schedule(ParentRunner.java:71)
	at org.junit.runners.ParentRunner.runChildren(ParentRunner.java:288)
	at org.junit.runners.ParentRunner.access$000(ParentRunner.java:58)
	at org.junit.runners.ParentRunner$2.evaluate(ParentRunner.java:268)
	at org.junit.runners.ParentRunner.run(ParentRunner.java:363)
	at cucumber.api.junit.Cucumber.run(Cucumber.java:100)
	at org.apache.maven.surefire.junit4.JUnit4Provider.execute(JUnit4Provider.java:367)
	at org.apache.maven.surefire.junit4.JUnit4Provider.executeWithRerun(JUnit4Provider.java:274)
	at org.apache.maven.surefire.junit4.JUnit4Provider.executeTestSet(JUnit4Provider.java:238)
	at org.apache.maven.surefire.junit4.JUnit4Provider.invoke(JUnit4Provider.java:161)
	at org.apache.maven.surefire.booter.ForkedBooter.invokeProviderInSameClassLoader(ForkedBooter.java:290)
	at org.apache.maven.surefire.booter.ForkedBooter.runSuitesInProcess(ForkedBooter.java:242)
	at org.apache.maven.surefire.booter.ForkedBooter.main(ForkedBooter.java:121)
2019-01-28 18:52:22 INFO  FlyInMenuBehaviourSteps:31 - User is on sso portal's home page
2019-01-28 18:52:28 INFO  FlyInMenuBehaviourSteps:303 - executing Scenario 5
2019-01-28 18:52:30 INFO  FlyInMenuBehaviourSteps:321 - Date shows tooltip Select Date(District Term)
2019-01-28 18:52:33 INFO  Hooks:25 - ***********************************************************************************************************
2019-01-28 18:52:33 INFO  Hooks:34 -  Launch Browser: "chrome" on Environment:crossbrowser
2019-01-28 18:52:33 ERROR Hooks:40 - initConfig Error
java.lang.NullPointerException
	at com.bec.reporting.utils.Reporter.assignAuthor(Reporter.java:148)
	at com.bec.reporting.steps.Hooks.openBrowser(Hooks.java:38)
	at sun.reflect.NativeMethodAccessorImpl.invoke0(Native Method)
	at sun.reflect.NativeMethodAccessorImpl.invoke(NativeMethodAccessorImpl.java:62)
	at sun.reflect.DelegatingMethodAccessorImpl.invoke(DelegatingMethodAccessorImpl.java:43)
	at java.lang.reflect.Method.invoke(Method.java:498)
	at cucumber.runtime.Utils$1.call(Utils.java:40)
	at cucumber.runtime.Timeout.timeout(Timeout.java:16)
	at cucumber.runtime.Utils.invoke(Utils.java:34)
	at cucumber.runtime.java.JavaHookDefinition.execute(JavaHookDefinition.java:60)
	at cucumber.runtime.Runtime.runHookIfTagsMatch(Runtime.java:224)
	at cucumber.runtime.Runtime.runHooks(Runtime.java:212)
	at cucumber.runtime.Runtime.runBeforeHooks(Runtime.java:202)
	at cucumber.runtime.model.CucumberScenario.run(CucumberScenario.java:40)
	at cucumber.runtime.junit.ExecutionUnitRunner.run(ExecutionUnitRunner.java:102)
	at cucumber.runtime.junit.FeatureRunner.runChild(FeatureRunner.java:63)
	at cucumber.runtime.junit.FeatureRunner.runChild(FeatureRunner.java:18)
	at org.junit.runners.ParentRunner$3.run(ParentRunner.java:290)
	at org.junit.runners.ParentRunner$1.schedule(ParentRunner.java:71)
	at org.junit.runners.ParentRunner.runChildren(ParentRunner.java:288)
	at org.junit.runners.ParentRunner.access$000(ParentRunner.java:58)
	at org.junit.runners.ParentRunner$2.evaluate(ParentRunner.java:268)
	at org.junit.runners.ParentRunner.run(ParentRunner.java:363)
	at cucumber.runtime.junit.FeatureRunner.run(FeatureRunner.java:70)
	at cucumber.api.junit.Cucumber.runChild(Cucumber.java:95)
	at cucumber.api.junit.Cucumber.runChild(Cucumber.java:38)
	at org.junit.runners.ParentRunner$3.run(ParentRunner.java:290)
	at org.junit.runners.ParentRunner$1.schedule(ParentRunner.java:71)
	at org.junit.runners.ParentRunner.runChildren(ParentRunner.java:288)
	at org.junit.runners.ParentRunner.access$000(ParentRunner.java:58)
	at org.junit.runners.ParentRunner$2.evaluate(ParentRunner.java:268)
	at org.junit.runners.ParentRunner.run(ParentRunner.java:363)
	at cucumber.api.junit.Cucumber.run(Cucumber.java:100)
	at org.apache.maven.surefire.junit4.JUnit4Provider.execute(JUnit4Provider.java:367)
	at org.apache.maven.surefire.junit4.JUnit4Provider.executeWithRerun(JUnit4Provider.java:274)
	at org.apache.maven.surefire.junit4.JUnit4Provider.executeTestSet(JUnit4Provider.java:238)
	at org.apache.maven.surefire.junit4.JUnit4Provider.invoke(JUnit4Provider.java:161)
	at org.apache.maven.surefire.booter.ForkedBooter.invokeProviderInSameClassLoader(ForkedBooter.java:290)
	at org.apache.maven.surefire.booter.ForkedBooter.runSuitesInProcess(ForkedBooter.java:242)
	at org.apache.maven.surefire.booter.ForkedBooter.main(ForkedBooter.java:121)
2019-01-28 18:52:33 INFO  FlyInMenuBehaviourSteps:31 - User is on sso portal's home page
2019-01-28 18:52:39 INFO  RosterTabDropDownBehaviour:24 - executing Scenario 2
2019-01-28 18:52:50 INFO  RosterTabDropDownBehaviour:49 - Marian Cross School
2019-01-28 18:52:55 INFO  RosterTabDropDownBehaviour:60 - Handwriting 103
2019-01-28 18:53:04 INFO  RosterTabDropDownBehaviour:71 - HW 131 Brecky Brodski
2019-01-30 21:56:59 INFO  Hooks:25 - ***********************************************************************************************************
2019-01-30 21:57:00 INFO  Hooks:34 -  Launch Browser: "safari" on Environment:crossbrowser
2019-01-30 21:57:11 INFO  FlyInMenuBehaviourSteps:31 - User is on sso portal's home page
2019-01-30 21:57:19 INFO  FlyInMenuBehaviourSteps:44 - executing Scenario 1
2019-01-30 21:57:30 ERROR UtilityMethods:36 - 
For documentation on this error, please visit: http://seleniumhq.org/exceptions/no_such_element.html
Build info: version: '3.4.0', revision: 'unknown', time: 'unknown'
System info: host: 'HARSHAL-PC', ip: '192.168.56.1', os.name: 'Windows 8.1', os.arch: 'amd64', os.version: '6.3', java.version: '1.8.0_141'
Driver info: org.openqa.selenium.remote.RemoteWebDriver
Capabilities [{webdriver.remote.sessionid=D3076DB0-E9EE-4E2B-8ACA-9FD034499A46, browserVersion=12.0, acceptInsecureCerts=false, browserName=Safari, javascriptEnabled=true, platformName=macOS, setWindowRect=true, platform=ANY}]
Session ID: D3076DB0-E9EE-4E2B-8ACA-9FD034499A46
*** Element info: {Using=xpath, value=//i[contains(text(),'chevron_right')]/ancestor::span[@class='float-right']}
2019-01-30 21:57:39 INFO  Hooks:25 - ***********************************************************************************************************
2019-01-30 21:57:39 INFO  Hooks:34 -  Launch Browser: "safari" on Environment:crossbrowser
2019-01-30 21:57:39 INFO  FlyInMenuBehaviourSteps:31 - User is on sso portal's home page
2019-01-30 21:57:44 INFO  FlyInMenuBehaviourSteps:44 - executing Scenario 1
2019-01-30 21:57:55 ERROR UtilityMethods:36 - 
For documentation on this error, please visit: http://seleniumhq.org/exceptions/no_such_element.html
Build info: version: '3.4.0', revision: 'unknown', time: 'unknown'
System info: host: 'HARSHAL-PC', ip: '192.168.56.1', os.name: 'Windows 8.1', os.arch: 'amd64', os.version: '6.3', java.version: '1.8.0_141'
Driver info: org.openqa.selenium.remote.RemoteWebDriver
Capabilities [{webdriver.remote.sessionid=D3076DB0-E9EE-4E2B-8ACA-9FD034499A46, browserVersion=12.0, acceptInsecureCerts=false, browserName=Safari, javascriptEnabled=true, platformName=macOS, setWindowRect=true, platform=ANY}]
Session ID: D3076DB0-E9EE-4E2B-8ACA-9FD034499A46
*** Element info: {Using=xpath, value=//i[contains(text(),'chevron_right')]/ancestor::span[@class='float-right']}
2019-01-30 21:58:01 INFO  Hooks:25 - ***********************************************************************************************************
2019-01-30 21:58:01 INFO  Hooks:34 -  Launch Browser: "safari" on Environment:crossbrowser
2019-01-30 21:58:01 INFO  FlyInMenuBehaviourSteps:31 - User is on sso portal's home page
2019-01-30 21:58:07 INFO  FlyInMenuBehaviourSteps:44 - executing Scenario 1
2019-01-30 21:58:18 ERROR UtilityMethods:36 - 
For documentation on this error, please visit: http://seleniumhq.org/exceptions/no_such_element.html
Build info: version: '3.4.0', revision: 'unknown', time: 'unknown'
System info: host: 'HARSHAL-PC', ip: '192.168.56.1', os.name: 'Windows 8.1', os.arch: 'amd64', os.version: '6.3', java.version: '1.8.0_141'
Driver info: org.openqa.selenium.remote.RemoteWebDriver
Capabilities [{webdriver.remote.sessionid=D3076DB0-E9EE-4E2B-8ACA-9FD034499A46, browserVersion=12.0, acceptInsecureCerts=false, browserName=Safari, javascriptEnabled=true, platformName=macOS, setWindowRect=true, platform=ANY}]
Session ID: D3076DB0-E9EE-4E2B-8ACA-9FD034499A46
*** Element info: {Using=xpath, value=//i[contains(text(),'chevron_right')]/ancestor::span[@class='float-right']}
2019-01-30 21:58:28 INFO  Hooks:25 - ***********************************************************************************************************
2019-01-30 21:58:28 INFO  Hooks:34 -  Launch Browser: "safari" on Environment:crossbrowser
2019-01-30 21:58:28 INFO  FlyInMenuBehaviourSteps:31 - User is on sso portal's home page
2019-01-30 21:58:34 INFO  FlyInMenuBehaviourSteps:99 - executing Scenario 2
2019-01-30 21:58:50 ERROR UtilityMethods:36 - 
For documentation on this error, please visit: http://seleniumhq.org/exceptions/no_such_element.html
Build info: version: '3.4.0', revision: 'unknown', time: 'unknown'
System info: host: 'HARSHAL-PC', ip: '192.168.56.1', os.name: 'Windows 8.1', os.arch: 'amd64', os.version: '6.3', java.version: '1.8.0_141'
Driver info: org.openqa.selenium.remote.RemoteWebDriver
Capabilities [{webdriver.remote.sessionid=D3076DB0-E9EE-4E2B-8ACA-9FD034499A46, browserVersion=12.0, acceptInsecureCerts=false, browserName=Safari, javascriptEnabled=true, platformName=macOS, setWindowRect=true, platform=ANY}]
Session ID: D3076DB0-E9EE-4E2B-8ACA-9FD034499A46
*** Element info: {Using=xpath, value=//div[@class='menu-title' and contains(text(),'School')]/following-sibling::div//div[@class='menu-dropdown-list-inr']/ul//li[contains(text(),'Marian Cross School')]}
2019-01-30 21:59:09 INFO  Hooks:25 - ***********************************************************************************************************
2019-01-30 21:59:09 INFO  Hooks:34 -  Launch Browser: "safari" on Environment:crossbrowser
2019-01-30 21:59:09 INFO  FlyInMenuBehaviourSteps:31 - User is on sso portal's home page
2019-01-30 21:59:16 INFO  FlyInMenuBehaviourSteps:99 - executing Scenario 2
2019-01-30 21:59:32 ERROR UtilityMethods:36 - 
For documentation on this error, please visit: http://seleniumhq.org/exceptions/no_such_element.html
Build info: version: '3.4.0', revision: 'unknown', time: 'unknown'
System info: host: 'HARSHAL-PC', ip: '192.168.56.1', os.name: 'Windows 8.1', os.arch: 'amd64', os.version: '6.3', java.version: '1.8.0_141'
Driver info: org.openqa.selenium.remote.RemoteWebDriver
Capabilities [{webdriver.remote.sessionid=D3076DB0-E9EE-4E2B-8ACA-9FD034499A46, browserVersion=12.0, acceptInsecureCerts=false, browserName=Safari, javascriptEnabled=true, platformName=macOS, setWindowRect=true, platform=ANY}]
Session ID: D3076DB0-E9EE-4E2B-8ACA-9FD034499A46
*** Element info: {Using=xpath, value=//div[@class='menu-title' and contains(text(),'School')]/following-sibling::div//div[@class='menu-dropdown-list-inr']/ul//li[contains(text(),'Bedford School')]}
2019-01-30 21:59:50 INFO  Hooks:25 - ***********************************************************************************************************
2019-01-30 21:59:50 INFO  Hooks:34 -  Launch Browser: "safari" on Environment:crossbrowser
2019-01-30 21:59:51 INFO  FlyInMenuBehaviourSteps:31 - User is on sso portal's home page
2019-01-30 21:59:56 INFO  FlyInMenuBehaviourSteps:175 - executing Scenario 3
2019-01-30 22:00:12 ERROR UtilityMethods:36 - 
For documentation on this error, please visit: http://seleniumhq.org/exceptions/no_such_element.html
Build info: version: '3.4.0', revision: 'unknown', time: 'unknown'
System info: host: 'HARSHAL-PC', ip: '192.168.56.1', os.name: 'Windows 8.1', os.arch: 'amd64', os.version: '6.3', java.version: '1.8.0_141'
Driver info: org.openqa.selenium.remote.RemoteWebDriver
Capabilities [{webdriver.remote.sessionid=D3076DB0-E9EE-4E2B-8ACA-9FD034499A46, browserVersion=12.0, acceptInsecureCerts=false, browserName=Safari, javascriptEnabled=true, platformName=macOS, setWindowRect=true, platform=ANY}]
Session ID: D3076DB0-E9EE-4E2B-8ACA-9FD034499A46
*** Element info: {Using=xpath, value=//label[@title='Select All Tests']}
2019-01-30 22:00:28 INFO  Hooks:25 - ***********************************************************************************************************
2019-01-30 22:00:28 INFO  Hooks:34 -  Launch Browser: "safari" on Environment:crossbrowser
2019-01-30 22:00:28 INFO  FlyInMenuBehaviourSteps:31 - User is on sso portal's home page
2019-01-30 22:00:34 INFO  FlyInMenuBehaviourSteps:175 - executing Scenario 3
2019-01-30 22:00:52 ERROR UtilityMethods:36 - 
For documentation on this error, please visit: http://seleniumhq.org/exceptions/no_such_element.html
Build info: version: '3.4.0', revision: 'unknown', time: 'unknown'
System info: host: 'HARSHAL-PC', ip: '192.168.56.1', os.name: 'Windows 8.1', os.arch: 'amd64', os.version: '6.3', java.version: '1.8.0_141'
Driver info: org.openqa.selenium.remote.RemoteWebDriver
Capabilities [{webdriver.remote.sessionid=D3076DB0-E9EE-4E2B-8ACA-9FD034499A46, browserVersion=12.0, acceptInsecureCerts=false, browserName=Safari, javascriptEnabled=true, platformName=macOS, setWindowRect=true, platform=ANY}]
Session ID: D3076DB0-E9EE-4E2B-8ACA-9FD034499A46
*** Element info: {Using=xpath, value=//label[@title='Select All Tests']}
2019-01-30 22:01:14 INFO  Hooks:25 - ***********************************************************************************************************
2019-01-30 22:01:14 INFO  Hooks:34 -  Launch Browser: "safari" on Environment:crossbrowser
2019-01-30 22:01:14 INFO  FlyInMenuBehaviourSteps:31 - User is on sso portal's home page
2019-01-30 22:01:20 INFO  FlyInMenuBehaviourSteps:250 - executing Scenario 4
2019-01-30 22:01:53 ERROR UtilityMethods:36 - 
For documentation on this error, please visit: http://seleniumhq.org/exceptions/no_such_element.html
Build info: version: '3.4.0', revision: 'unknown', time: 'unknown'
System info: host: 'HARSHAL-PC', ip: '192.168.56.1', os.name: 'Windows 8.1', os.arch: 'amd64', os.version: '6.3', java.version: '1.8.0_141'
Driver info: org.openqa.selenium.remote.RemoteWebDriver
Capabilities [{webdriver.remote.sessionid=D3076DB0-E9EE-4E2B-8ACA-9FD034499A46, browserVersion=12.0, acceptInsecureCerts=false, browserName=Safari, javascriptEnabled=true, platformName=macOS, setWindowRect=true, platform=ANY}]
Session ID: D3076DB0-E9EE-4E2B-8ACA-9FD034499A46
*** Element info: {Using=xpath, value=//div[@class='menu-title' and contains(text(),'District Term')]}
2019-01-30 22:02:15 INFO  Hooks:25 - ***********************************************************************************************************
2019-01-30 22:02:15 INFO  Hooks:34 -  Launch Browser: "safari" on Environment:crossbrowser
2019-01-30 22:02:15 INFO  FlyInMenuBehaviourSteps:31 - User is on sso portal's home page
2019-01-30 22:02:21 INFO  FlyInMenuBehaviourSteps:303 - executing Scenario 5
2019-01-30 22:02:38 INFO  Hooks:25 - ***********************************************************************************************************
2019-01-30 22:02:38 INFO  Hooks:34 -  Launch Browser: "safari" on Environment:crossbrowser
2019-01-30 22:02:38 INFO  FlyInMenuBehaviourSteps:31 - User is on sso portal's home page
2019-01-30 22:02:46 INFO  FlyInMenuBehaviourSteps:303 - executing Scenario 5
2019-01-30 22:03:06 INFO  Hooks:25 - ***********************************************************************************************************
2019-01-30 22:03:06 INFO  Hooks:34 -  Launch Browser: "safari" on Environment:crossbrowser
2019-01-30 22:03:06 INFO  FlyInMenuBehaviourSteps:31 - User is on sso portal's home page
2019-01-30 22:03:11 INFO  FlyInMenuBehaviourSteps:303 - executing Scenario 5
2019-01-30 22:03:37 INFO  Hooks:25 - ***********************************************************************************************************
2019-01-30 22:03:37 INFO  Hooks:34 -  Launch Browser: "safari" on Environment:crossbrowser
2019-01-30 22:03:38 INFO  FlyInMenuBehaviourSteps:31 - User is on sso portal's home page
2019-01-30 22:03:43 INFO  RosterTabDropDownBehaviour:24 - executing Scenario 2
2019-01-30 22:03:53 INFO  RosterTabDropDownBehaviour:49 - School IveePh5E
2019-01-30 22:03:58 INFO  RosterTabDropDownBehaviour:60 - School VeiNgi2a Trainer ...School VeiNgi2a Trainer Class (PD)
2019-01-30 22:04:03 INFO  RosterTabDropDownBehaviour:71 - All
